<?xml version="1.0" encoding="UTF-8"?>
<testng-results ignored="0" total="1" passed="1" failed="0" skipped="0">
  <reporter-output>
  </reporter-output>
  <suite started-at="2022-08-12T11:52:20 IST" name="Default suite" finished-at="2022-08-12T11:52:56 IST" duration-ms="36052">
    <groups>
    </groups>
    <test started-at="2022-08-12T11:52:20 IST" name="Default test" finished-at="2022-08-12T11:52:56 IST" duration-ms="36052">
      <class name="com.crm.CreateOwner.CreateOwnerAndVerify">
        <test-method is-config="true" signature="dbConfig()[pri:0, instance:com.crm.CreateOwner.CreateOwnerAndVerify@196a42c3]" started-at="2022-08-12T11:52:20 IST" name="dbConfig" finished-at="2022-08-12T11:52:20 IST" duration-ms="48" status="PASS">
          <reporter-output>
          </reporter-output>
        </test-method> <!-- dbConfig -->
        <test-method is-config="true" signature="launchTheBrowser()[pri:0, instance:com.crm.CreateOwner.CreateOwnerAndVerify@196a42c3]" started-at="2022-08-12T11:52:20 IST" name="launchTheBrowser" finished-at="2022-08-12T11:52:39 IST" duration-ms="18522" status="PASS">
          <reporter-output>
          </reporter-output>
        </test-method> <!-- launchTheBrowser -->
        <test-method is-config="true" signature="loginToAppln()[pri:0, instance:com.crm.CreateOwner.CreateOwnerAndVerify@196a42c3]" started-at="2022-08-12T11:52:39 IST" name="loginToAppln" finished-at="2022-08-12T11:52:40 IST" duration-ms="946" status="PASS">
          <reporter-output>
          </reporter-output>
        </test-method> <!-- loginToAppln -->
        <test-method signature="VerifyTheOwnerCreatedRoomDetailsinTheRegisterdRoomList()[pri:0, instance:com.crm.CreateOwner.CreateOwnerAndVerify@196a42c3]" started-at="2022-08-12T11:52:40 IST" name="VerifyTheOwnerCreatedRoomDetailsinTheRegisterdRoomList" finished-at="2022-08-12T11:52:56 IST" duration-ms="15801" status="PASS">
          <reporter-output>
          </reporter-output>
        </test-method> <!-- VerifyTheOwnerCreatedRoomDetailsinTheRegisterdRoomList -->
        <test-method is-config="true" signature="closeTheBrowser()[pri:0, instance:com.crm.CreateOwner.CreateOwnerAndVerify@196a42c3]" started-at="2022-08-12T11:52:56 IST" name="closeTheBrowser" finished-at="2022-08-12T11:52:56 IST" duration-ms="645" status="PASS">
          <reporter-output>
          </reporter-output>
        </test-method> <!-- closeTheBrowser -->
        <test-method is-config="true" signature="closeDBconfig()[pri:0, instance:com.crm.CreateOwner.CreateOwnerAndVerify@196a42c3]" started-at="2022-08-12T11:52:56 IST" name="closeDBconfig" finished-at="2022-08-12T11:52:56 IST" duration-ms="1" status="PASS">
          <reporter-output>
          </reporter-output>
        </test-method> <!-- closeDBconfig -->
      </class> <!-- com.crm.CreateOwner.CreateOwnerAndVerify -->
    </test> <!-- Default test -->
  </suite> <!-- Default suite -->
</testng-results>
